 XML_OPEN: opened file input_t.xml
 at LU-number:          10
 XML_GET - tag found: template
 XML_GET - number of attributes:           0
 XML_GET - number of data lines:           3
 XML_GET - tag found: options
 XML_GET - number of attributes:           1
 XML_GET - number of data lines:           3
 tag: options                                                                         
 attribs:            1
   rootname = input
 data:            3
   ><
   ><
   ><
 XML_GET - tag found: typedef
 XML_GET - number of attributes:           1
 XML_GET - number of data lines:           2
 tag: typedef                                                                         
 attribs:            1
   name = settings_xml
 data:            2
   ><
   ><
 XML_GET - tag found: component
 XML_GET - number of attributes:           2
 XML_GET - number of data lines:           2
 tag: component                                                                       
 attribs:            2
   name = histories
   type = integer
 data:            2
   ><
   ><
 XML_GET - tag found: component
 XML_GET - number of attributes:           2
 XML_GET - number of data lines:           2
 tag: component                                                                       
 attribs:            2
   name = sample_per_xs
   type = integer
 data:            2
   ><
   ><
 XML_GET - tag found: component
 XML_GET - number of attributes:           2
 XML_GET - number of data lines:           2
 tag: component                                                                       
 attribs:            2
   name = seed
   type = integer
 data:            2
   ><
   ><
 XML_GET - tag found: component
 XML_GET - number of attributes:           2
 XML_GET - number of data lines:           2
 tag: component                                                                       
 attribs:            2
   name = source_type
   type = integer
 data:            2
   ><
   ><
 XML_GET - tag found: component
 XML_GET - number of attributes:           3
 XML_GET - number of data lines:           2
 tag: component                                                                       
 attribs:            3
   name = source_path
   type = word
   length = 255
 data:            2
   ><
   ><
 XML_GET - tag found: component
 XML_GET - number of attributes:           3
 XML_GET - number of data lines:           2
 tag: component                                                                       
 attribs:            3
   name = output_path
   type = word
   length = 255
 data:            2
   ><
   ><
 XML_GET - tag found: component
 XML_GET - number of attributes:           2
 XML_GET - number of data lines:           2
 tag: component                                                                       
 attribs:            2
   name = Dancoff
   type = double
 data:            2
   ><
   ><
 XML_GET - tag found: component
 XML_GET - number of attributes:           3
 XML_GET - number of data lines:           2
 tag: component                                                                       
 attribs:            3
   name = res_iso
   type = word
   length = 255
 data:            2
   ><
   ><
 XML_GET - tag found: component
 XML_GET - number of attributes:           2
 XML_GET - number of data lines:           2
 tag: component                                                                       
 attribs:            2
   name = radius
   type = double
 data:            2
   ><
   ><
 XML_GET - tag found: component
 XML_GET - number of attributes:           2
 XML_GET - number of data lines:           2
 tag: component                                                                       
 attribs:            2
   name = temperature
   type = double
 data:            2
   ><
   ><
 XML_GET - tag found: component
 XML_GET - number of attributes:           2
 XML_GET - number of data lines:           2
 tag: component                                                                       
 attribs:            2
   name = res_intg
   type = logical
 data:            2
   ><
   ><
 XML_GET - number of attributes:           0
 XML_GET - number of data lines:           3
 tag: typedef                                                                         
 attribs:            0
 data:            3
   ><
   ><
   ><
 XML_GET - tag found: typedef
 XML_GET - number of attributes:           1
 XML_GET - number of data lines:           2
 tag: typedef                                                                         
 attribs:            1
   name = nuclide_xml
 data:            2
   ><
   ><
 XML_GET - tag found: component
 XML_GET - number of attributes:           2
 XML_GET - number of data lines:           2
 tag: component                                                                       
 attribs:            2
   name = N
   type = double
 data:            2
   ><
   ><
 XML_GET - tag found: component
 XML_GET - number of attributes:           2
 XML_GET - number of data lines:           2
 tag: component                                                                       
 attribs:            2
   name = A
   type = double
 data:            2
   ><
   ><
 XML_GET - tag found: component
 XML_GET - number of attributes:           2
 XML_GET - number of data lines:           2
 tag: component                                                                       
 attribs:            2
   name = V
   type = double
 data:            2
   ><
   ><
 XML_GET - tag found: component
 XML_GET - number of attributes:           3
 XML_GET - number of data lines:           2
 tag: component                                                                       
 attribs:            3
   name = path
   type = word
   length = 255
 data:            2
   ><
   ><
 XML_GET - tag found: component
 XML_GET - number of attributes:           2
 XML_GET - number of data lines:           2
 tag: component                                                                       
 attribs:            2
   name = thermal
   type = logical
 data:            2
   ><
   ><
 XML_GET - tag found: component
 XML_GET - number of attributes:           3
 XML_GET - number of data lines:           2
 tag: component                                                                       
 attribs:            3
   name = name
   type = word
   length = 255
 data:            2
   ><
   ><
 XML_GET - tag found: component
 XML_GET - number of attributes:           2
 XML_GET - number of data lines:           2
 tag: component                                                                       
 attribs:            2
   name = doppler
   type = logical
 data:            2
   ><
   ><
 XML_GET - number of attributes:           0
 XML_GET - number of data lines:           3
 tag: typedef                                                                         
 attribs:            0
 data:            3
   ><
   ><
   ><
 XML_GET - tag found: typedef
 XML_GET - number of attributes:           1
 XML_GET - number of data lines:           2
 tag: typedef                                                                         
 attribs:            1
   name = material_xml
 data:            2
   ><
   ><
 XML_GET - tag found: component
 XML_GET - number of attributes:           3
 XML_GET - number of data lines:           2
 tag: component                                                                       
 attribs:            3
   name = type
   type = word
   length = 255
 data:            2
   ><
   ><
 XML_GET - tag found: component
 XML_GET - number of attributes:           2
 XML_GET - number of data lines:           2
 tag: component                                                                       
 attribs:            2
   name = V
   type = double
 data:            2
   ><
   ><
 XML_GET - tag found: component
 XML_GET - number of attributes:           4
 XML_GET - number of data lines:           2
 tag: component                                                                       
 attribs:            4
   name = nuclides
   tag = nuclide
   type = nuclide_xml
   dimension = 1
 data:            2
   ><
   ><
 XML_GET - number of attributes:           0
 XML_GET - number of data lines:           3
 tag: typedef                                                                         
 attribs:            0
 data:            3
   ><
   ><
   ><
 XML_GET - tag found: typedef
 XML_GET - number of attributes:           1
 XML_GET - number of data lines:           2
 tag: typedef                                                                         
 attribs:            1
   name = materials_xml
 data:            2
   ><
   ><
 XML_GET - tag found: component
 XML_GET - number of attributes:           4
 XML_GET - number of data lines:           2
 tag: component                                                                       
 attribs:            4
   name = material
   tag = material
   type = material_xml
   dimension = 1
 data:            2
   ><
   ><
 XML_GET - number of attributes:           0
 XML_GET - number of data lines:           3
 tag: typedef                                                                         
 attribs:            0
 data:            3
   ><
   ><
   ><
 XML_GET - tag found: typedef
 XML_GET - number of attributes:           1
 XML_GET - number of data lines:           2
 tag: typedef                                                                         
 attribs:            1
   name = tally_xml
 data:            2
   ><
   ><
 XML_GET - tag found: component
 XML_GET - number of attributes:           3
 XML_GET - number of data lines:           2
 tag: component                                                                       
 attribs:            3
   name = dv
   type = logical
   default = .false.
 data:            2
   ><
   ><
 XML_GET - tag found: component
 XML_GET - number of attributes:           2
 XML_GET - number of data lines:           2
 tag: component                                                                       
 attribs:            2
   name = Ebins
   type = double-array
 data:            2
   ><
   ><
 XML_GET - tag found: component
 XML_GET - number of attributes:           3
 XML_GET - number of data lines:           2
 tag: component                                                                       
 attribs:            3
   name = type
   type = word
   length = 255
 data:            2
   ><
   ><
 XML_GET - tag found: component
 XML_GET - number of attributes:           2
 XML_GET - number of data lines:           2
 tag: component                                                                       
 attribs:            2
   name = isotope
   type = integer
 data:            2
   ><
   ><
 XML_GET - tag found: component
 XML_GET - number of attributes:           2
 XML_GET - number of data lines:           2
 tag: component                                                                       
 attribs:            2
   name = region
   type = integer
 data:            2
   ><
   ><
 XML_GET - number of attributes:           0
 XML_GET - number of data lines:           3
 tag: typedef                                                                         
 attribs:            0
 data:            3
   ><
   ><
   ><
 XML_GET - tag found: typedef
 XML_GET - number of attributes:           1
 XML_GET - number of data lines:           2
 tag: typedef                                                                         
 attribs:            1
   name = tallies_xml
 data:            2
   ><
   ><
 XML_GET - tag found: component
 XML_GET - number of attributes:           4
 XML_GET - number of data lines:           2
 tag: component                                                                       
 attribs:            4
   name = tally
   tag = tally
   type = tally_xml
   dimension = 1
 data:            2
   ><
   ><
 XML_GET - number of attributes:           0
 XML_GET - number of data lines:           3
 tag: typedef                                                                         
 attribs:            0
 data:            3
   ><
   ><
   ><
 XML_GET - tag found: variable
 XML_GET - number of attributes:           3
 XML_GET - number of data lines:           2
 tag: variable                                                                        
 attribs:            3
   name = settings_
   tag = settings
   type = settings_xml
 data:            2
   ><
   ><
 XML_GET - tag found: variable
 XML_GET - number of attributes:           3
 XML_GET - number of data lines:           2
 tag: variable                                                                        
 attribs:            3
   name = materials_
   tag = materials
   type = materials_xml
 data:            2
   ><
   ><
 XML_GET - tag found: variable
 XML_GET - number of attributes:           3
 XML_GET - number of data lines:           3
 tag: variable                                                                        
 attribs:            3
   name = tallies_
   tag = tallies
   type = tallies_xml
 data:            3
   ><
   ><
   ><
 XML_GET - end of file found - LU-number:          10
 XML_GET - number of attributes:           0
 XML_GET - number of data lines:           1
 tag: template                                                                        
 attribs:            0
 data:            1
   ><
